[2026-03-28 17:51:57] attach helper starting
[2026-03-28 17:51:57] wait timeout 600s
[2026-03-28 17:51:57] minimum process age 0s
[2026-03-28 17:51:57] attach delay 2s
[2026-03-28 17:51:57] dylib=/Users/samsmith/Library/Application Support/Steam/steamapps/common/Alien Isolation/mothervr_avp/inject/build/libmothervr_avp_recon.dylib
[2026-03-28 17:51:57] expected log path=/Users/samsmith/Library/Application Support/Steam/steamapps/common/Alien Isolation/mothervr_avp/inject/build/recon.log
[2026-03-28 17:52:01] found pid 96242
[2026-03-28 17:52:01] sleeping 2s before attach
[2026-03-28 17:52:03] attach attempt 1 pid 96242
(lldb) process attach --pid 96242
warning: libobjc.A.dylib is being read from process memory. This indicates that LLDB could not read from the host's in-memory shared cache. This will likely reduce debugging performance.

Process 96242 stopped
* thread #1, queue = 'com.apple.main-thread', stop reason = signal SIGSTOP
    frame #0: 0x00007ff805550728 libsystem_malloc.dylib`nanov2_malloc_type_zero_on_alloc + 79
libsystem_malloc.dylib`nanov2_malloc_type_zero_on_alloc:
->  0x7ff805550728 <+79>: sidtq  -0x60(%rbp)
    0x7ff80555072c <+83>: movl   -0x60(%rbp), %edx
    0x7ff80555072f <+86>: andl   $0x3f, %edx
    0x7ff805550732 <+89>: movl   %r10d, %eax
Target 0: (Alien Isolation) stopped.
Executable binary set to "/Users/samsmith/Library/Application Support/Steam/steamapps/common/Alien Isolation/Alien Isolation.app/Contents/MacOS/Alien Isolation".
Architecture set to: x86_64-apple-macosx-.
(lldb) command source -s 0 '/var/folders/1y/r7sxd8rn2835_gqg7cdxpc740000gn/T/tmp.8Hl2cI2F3a'
Executing commands in '/var/folders/1y/r7sxd8rn2835_gqg7cdxpc740000gn/T/tmp.8Hl2cI2F3a'.
(lldb) expr -- (void*)dlopen("/Users/samsmith/Library/Application Support/Steam/steamapps/common/Alien Isolation/mothervr_avp/inject/build/libmothervr_avp_recon.dylib", 2)
(void *) $0 = 0x00000000000fbb60
(lldb) detach
Process 96242 detached
(lldb) quit
