[2026-03-27 15:08:14] dlsym trace attaching to pid 2990
[2026-03-27 15:08:14] trace duration 30s
[2026-03-27 15:08:14] attach start
(lldb) process attach --pid 2990
Process 2990 stopped
* thread #1, stop reason = signal SIGSTOP
    frame #0: 0x000000020703dc12 dyld`mach_o::Header::forEachLoadCommand(void (load_command const*, bool&) block_pointer) const + 30
dyld`mach_o::Header::forEachLoadCommand:
->  0x20703dc12 <+30>: movl   (%rsi), %edx
    0x20703dc14 <+32>: cmpl   $0xfeedfacf, %edx         ; imm = 0xFEEDFACF 
    0x20703dc1a <+38>: je     0x20703dc30               ; <+60>
    0x20703dc1c <+40>: cmpl   $0xfeedface, %edx         ; imm = 0xFEEDFACE 
Target 0: (Alien Isolation) stopped.
Executable binary set to "/Users/samsmith/Library/Application Support/Steam/steamapps/common/Alien Isolation/Alien Isolation.app/Contents/MacOS/Alien Isolation".
Architecture set to: x86_64-apple-macosx-.
(lldb) command source -s 0 '/var/folders/1y/r7sxd8rn2835_gqg7cdxpc740000gn/T/tmp.u5y8FxpoE3'
Executing commands in '/var/folders/1y/r7sxd8rn2835_gqg7cdxpc740000gn/T/tmp.u5y8FxpoE3'.
(lldb) command script import "/var/folders/1y/r7sxd8rn2835_gqg7cdxpc740000gn/T/tmp.Hy34azkVnV/mothervr_dlsym_trace_helper.py"
(lldb) breakpoint set -s libdyld.dylib -n dlsym
Breakpoint 1: no locations (pending).
WARNING:  Unable to resolve breakpoint to any actual locations.
(lldb) breakpoint modify --auto-continue true 1
(lldb) breakpoint command add -F mothervr_dlsym_trace_helper._mothervr_dlsym_trace 1
(lldb) script mothervr_dlsym_trace_helper.start_timer(30)
(lldb) process continue
warning: libobjc.A.dylib is being read from process memory. This indicates that LLDB could not read from the host's in-memory shared cache. This will likely reduce debugging performance.

1 location added to breakpoint 1
[first] ColorSyncProfileCreateWithName
[first] kColorSyncGenericGrayProfile
[first] ColorSyncProfileGetMD5
[first] ColorSyncProfileCopyHeader
[first] ColorSyncProfileIsPQBased
[first] ColorSyncProfileIsHLGBased
[first] ColorSyncProfileIsMatrixBased
[first] ColorSyncProfileIsWideGamut
[first] ColorSyncProfileContainsTag
[first] ColorSyncPrivateAPIVersion
[first] ColorSyncProfileCreateImmutableCopy
[first] ColorSyncProfileGetTypeID
[first] ColorSyncProfileCopyFlexGTCInfo
[first] kColorSyncSRGBProfile
[first] SecTaskCreateFromSelf
[first] SecTaskGetCodeSignStatus
[first] SecTaskCopySigningIdentifier
[first] OPENSSL_load_builtin_modules
[first] SSL_load_error_strings
[first] FSPathMakeRef
[first] FSOpenResourceFileMapped
[first] kDADiskDescriptionVolumePathKey
[first] kDADiskDescriptionVolumeNameKey
[first] DASessionCreate
[first] DARegisterDiskAppearedCallback
[first] DARegisterDiskDescriptionChangedCallback
[first] DARegisterDiskDisappearedCallback
[first] DARegisterDiskUnmountApprovalCallback
[first] DARegisterIdleCallback
[first] DASessionSetDispatchQueue
[first] DADiskCopyDescription
[first] _FSGetFSRefInformationFast
[first] FSRefMakePath
[first] free
[first] CFPasteboardIsPrivacyDeveloperPreviewEnabled
[first] queryCompressionInfo
[first] CGSCreateDefaultMetalDevice
[first] CAMetalLayerDidQueryMetalDevice
[first] TCCAccessPreflight
[first] TCCAccessRequest
[first] _objc_blockTrampolineImpl
[first] _objc_blockTrampolineStart
[first] _AEInstallEventSecurityHandler
[first] AEInstallEventHandler
[first] _LSScheduleNotificationOnQueueWithBlock
[first] _LSModifyNotification
[first] _LSGetCurrentApplicationASN
[first] _LSCopyApplicationInformation
[first] _LSCopyFrontApplication
[first] CGSRegisterConnectionNotifyProc
[first] CGSMainConnectionID
[first] CGSPackagesEnableConnectionWindowModificationNotifications
[first] CGSPackagesEnableConnectionOcclusionNotifications
[first] CGSDisplayStatusQuery
[first] CGSMainDisplayID
[first] rbs_appnap_enabled_for_pid
[first] RBSServiceInitialize
[first] ColorSyncProfileCreate
[first] ColorSyncProfileVerify
[first] ColorSyncProfileGetID
[first] ColorSyncCreateOutputPoppyProfile
[first] SLSGetDockRectWithOrientation
[first] _ProcessCanReceiveCGSEvents
[first] _RemoveCGSSourceFromRunLoop
[first] kColorSyncGenericGrayGamma22Profile
[first] GetMacOSStatusCommentString
[first] GetMacOSStatusErrorString
[first] _AccessibilityBaseImplementationsNoopFunc
Exception in thread Thread-1:
Traceback (most recent call last):
  File "/Applications/Xcode.app/Contents/Developer/Library/Frameworks/Python3.framework/Versions/3.9/lib/python3.9/threading.py", line 973, in _bootstrap_inner
    self.run()
  File "/Applications/Xcode.app/Contents/Developer/Library/Frameworks/Python3.framework/Versions/3.9/lib/python3.9/threading.py", line 910, in run
    self._target(*self._args, **self._kwargs)
  File "/var/folders/1y/r7sxd8rn2835_gqg7cdxpc740000gn/T/tmp.Hy34azkVnV/mothervr_dlsym_trace_helper.py", line 24, in _stop_later
    process = lldb.debugger.GetSelectedTarget().GetProcess()
AttributeError: 'NoneType' object has no attribute 'GetSelectedTarget'
[first] _BlockUntilNextEventMatchingListInMode
[first] kUTTypeData
[first] kUTTagClassNSPboardType
[first] UTTypeCreatePreferredIdentifierForTag
[first] CRCopyCrashHistory
[first] SteamAPI_Init
[first] CreateInterface
[first] Steam_BGetCallback
[first] Steam_FreeLastCallback
[first] Steam_GetAPICallResult
[first] SteamAPI_RegisterCallback
[first] SteamScreenshots
[first] ValveHookScreenshots
[first] SLSFlushSurfaceWithOptionsAndIndex
[first] gliInitializeLibrary
[first] gldInitializeLibrary
[first] gldGetVersion
[first] gldCreateDevice
[first] gldDestroyDevice
[first] gldPopulateRendererInfo
[first] gldCreateDevicePartitionGroup
[first] gldDestroyDevicePartitionGroup
[first] gldCreateDevicePartition
[first] gldDestroyDevicePartition
[first] gldGetDevicePartitionInfo
[first] gldChoosePixelFormat
[first] gldDestroyPixelFormat
[first] gldCreateShareGroup
[first] gldDestroyShareGroup
[first] gldCreateContext
[first] gldReclaimContext
[first] gldDestroyContext
[first] gldAttachDrawable
[first] gldPopulateContextDispatch
[first] gldUpdateDispatch
[first] gldUpdateReadFramebuffer
[first] gldUpdateDrawFramebuffer
[first] gldUpdateTransformFeedbackState
[first] gldGetDeviceString
[first] gldGetError
[first] gldSetInteger
[first] gldGetInteger
[first] gldClearFramebufferData
[first] gldBlitFramebufferData
[first] gldReadFramebufferData
[first] gldPresentFramebufferData
[first] gldFlushContext
[first] gldFinishContext
[first] gldWaitForContext
[first] gldTestObject
[first] gldFlushObject
[first] gldFinishObject
[first] gldWaitForObject
[first] gldCreateTexture
[first] gldIsTextureResident
[first] gldModifyTexture
[first] gldGenerateTexMipmaps
[first] gldLoadTexture
[first] gldUnbindTexture
[first] gldReclaimTexture
[first] gldDestroyTexture
[first] gldCopyTexSubImage
[first] gldModifyTexSubImage
[first] gldGetTextureLevelInfo
[first] gldRestoreTextureData
[first] gldGetTextureAllocationIdentifiers
[first] gldCopyTextureData
[first] gldCreateBuffer
[first] gldBufferSubData
[first] gldCopyBufferSubData
[first] gldLoadBuffer
[first] gldRestoreBufferData
[first] gldUnbindBuffer
[first] gldReclaimBuffer
[first] gldDestroyBuffer
[first] gldGetBufferAllocationIdentifiers
[first] gldGetMemoryPlugin
[first] gldSetMemoryPlugin
[first] gldTestMemoryPlugin
[first] gldFlushMemoryPlugin
[first] gldDestroyMemoryPlugin
[first] gldCreateFramebuffer
[first] gldLoadFramebuffer
[first] gldUnbindFramebuffer
[first] gldDiscardFramebuffer
[first] gldReclaimFramebuffer
[first] gldDestroyFramebuffer
[first] gldCreatePipelineProgram
[first] gldGetPipelineProgramInfo
[first] gldModifyPipelineProgram
[first] gldUnbindPipelineProgram
[first] gldDestroyPipelineProgram
[first] gldCreateProgram
[first] gldDestroyProgram
[first] gldCreateVertexArray
[first] gldModifyVertexArray
[first] gldFlushVertexArray
[first] gldUnbindVertexArray
[first] gldReclaimVertexArray
[first] gldDestroyVertexArray
[first] gldCreateFence
[first] gldSetFenceOnContext
[first] gldSetFenceOnQueue
[first] gldClearFence
[first] gldFlushFenceOnQueue
[first] gldFinishFenceOnQueue
[first] gldWaitForFenceOnContext
[first] gldWaitForFenceOnQueue
[first] gldGetFenceStatus
[first] gldGetFenceProfilingInfo
[first] gldDestroyFence
[first] gldCreateQuery
[first] gldModifyQuery
[first] gldGetQueryInfo
[first] gldDestroyQuery
[first] gldObjectPurgeable
[first] gldObjectUnpurgeable
[first] gldCreateSampler
[first] gldDestroySampler
[first] gldCreateComputeContext
[first] gldDestroyComputeContext
[first] gldCreateQueue
[first] gldDestroyQueue
[first] gldFlushQueue
[first] gldFinishQueue
[first] gldCreateComputeModule
[first] gldDestroyComputeModule
[first] gldCompileComputeModule
[first] gldLinkComputeModules
[first] gldWriteComputeModuleBinary
[first] gldCreateComputeProgram
[first] gldDestroyComputeProgram
[first] gldLinkComputeProgram
[first] gldBuildComputeProgram
[first] gldWriteComputeProgramBinary
[first] gldCreateKernel
[first] gldDestroyKernel
[first] gldExecuteKernel
[first] gldExecuteNativeKernel
[first] gldCopyBufferDataWithQueue
[first] gldCopyTextureDataWithQueue
[first] gldCopyBufferDataToTextureWithQueue
[first] gldCopyTextureDataToBufferWithQueue
[first] gldReadTextureData
[first] gldFinishBufferCPUAccess
[first] gliGetVersion
[first] gliChoosePixelFormat
[first] gliDestroyPixelFormat
[first] gliQueryRendererInfo
[first] gliDestroyRendererInfo
[first] gliCreateContext
[first] gliCreateContextWithShared
[first] gliDestroyContext
[first] gliAttachDrawable
[first] gliAttachDrawableWithOptions
[first] gliSetInteger
[first] gliGetInteger
[first] gliGetAttribute
[first] gliSetAttribute
[first] gliCopyAttributes
[first] gliGetMemoryAnnotationList
[first] analytics_send_event_lazy
[first] rbs_acquire_appnap_assertion
[first] findAntlrPlugin
[first] SteamUser
[first] FSGetCatalogInfo
[first] SteamAPI_RestartAppIfNecessary
[first] SteamApps
[first] kColorSyncDisplayP3Profile
[first] kColorSyncGenericRGBProfile
[first] kColorSyncGenericCMYKProfile
[first] ColorSyncTransformCreate
[first] ColorSyncTransformCopyProperty
[first] ColorSyncTransformGetTypeID
[first] ColorSyncCodeFragmentGetMD5
[first] ColorSyncTransformIterate
[first] ColorSyncTRCGetFunction
[first] ColorSyncTRCGetTypeID
[first] ColorSyncTRCGetProperties
[first] ColorSyncTRCGetGammaID
[first] ColorSyncTRCGetInputRange
[first] ColorSyncTRCGetOutputRange
[first] ColorSyncMatrixGetTypeID
[first] ColorSyncMatrixGetProperties
[first] ColorSyncMatrixGetFunction
[first] ColorSyncMatrixGetInputRange
[first] ColorSyncMatrixGetOutputRange
[first] LFSMCreateSessionWithOptions
[first] LFSMSwitchToSession
[first] LFSMCloseSession
[first] LFSMCopyCurrentSession
[first] LFSMCopyAllSessions
[first] LFSMCopySessionProperties
[first] LFSMCopySessionWithCGSessionID
[first] LFSMCreateSessionTemporaryBridge
[first] LFSMReleaseSessionTemporaryBridge
[first] LFSMMoveSessionToConsoleTemporaryBridge
[first] LFSMSetSessionPropertiesTemporaryBridge
[first] LFSMCopySessionPropertiesTemporaryBridge
[first] LFSMCopyAllSessionPropertiesTemporaryBridge
[first] LFSMSessionOptionProcessPathKey
[first] LFSMSessionOptionProcessArgsKey
[first] LFSMSessionOptionLaunchDataKey
[first] LFSMSessionOptionSwitchToForegroundKey
[first] LFSMSessionOptionSwitchNoTransitionKey
[first] LFSMAuditSessionIDKey
[first] LFSMAuditSessionUserIDKey
[first] LFSMLegacySessionIDKey
[first] _AXSLargeTextMacUseDynamicTypeForCurrentApp
[first] LFSMPropertiesDictionaryKey
[first] XTEnsureFontFileAccess
[first] ColorSyncProfileCopyTag
[first] ColorSyncMakeProfile
[first] CGDisplayListGetHash
[first] ColorSyncProfileCopyData
[first] kColorSyncGenericXYZProfile
[first] ColorSyncPureGammaOriginalTRC
[first] _FSGetVolumeByName
[first] FSGetVolumeInfo
[first] _CSCheckFix
[first] ColorSyncProfileCopyDescriptionString
[first] glrCompOpenDevice
[first] glrCompCloseDevice
[first] glrCompGetDeviceConfig
[first] glrCompGetImageFormats
[first] glrCompCreateContext
[first] glrCompDeleteContext
[first] glrCompFlush
Process 2990 resuming
Process 2990 stopped
* thread #10, name = 'WinMain', stop reason = breakpoint 1.1
    frame #0: 0x00007ff80292afea libdyld.dylib`dlsym
libdyld.dylib`dlsym:
->  0x7ff80292afea <+0>: pushq  %rbp
    0x7ff80292afeb <+1>: movq   %rsp, %rbp
    0x7ff80292afee <+4>: movq   %rsi, %rdx
    0x7ff80292aff1 <+7>: movq   %rdi, %rsi
Target 0: (Alien Isolation) stopped.
(lldb) script mothervr_dlsym_trace_helper.write_summary()
[summary]
9 ColorSyncProfileCreateWithName
4 gldGetVersion
3 ColorSyncProfileCopyTag
3 ColorSyncProfileGetMD5
3 ColorSyncProfileGetTypeID
3 kColorSyncSRGBProfile
2 CFPasteboardIsPrivacyDeveloperPreviewEnabled
2 ColorSyncMatrixGetInputRange
2 ColorSyncMatrixGetOutputRange
2 ColorSyncProfileContainsTag
2 ColorSyncProfileCopyHeader
2 ColorSyncProfileIsMatrixBased
2 ColorSyncProfileVerify
2 ColorSyncTRCGetInputRange
2 ColorSyncTRCGetOutputRange
2 ColorSyncTransformCopyProperty
2 ColorSyncTransformGetTypeID
2 CreateInterface
2 gldAttachDrawable
2 gldBlitFramebufferData
2 gldBufferSubData
2 gldBuildComputeProgram
2 gldChoosePixelFormat
2 gldClearFence
2 gldClearFramebufferData
2 gldCompileComputeModule
2 gldCopyBufferDataToTextureWithQueue
2 gldCopyBufferDataWithQueue
2 gldCopyBufferSubData
2 gldCopyTexSubImage
2 gldCopyTextureData
2 gldCopyTextureDataToBufferWithQueue
2 gldCopyTextureDataWithQueue
2 gldCreateBuffer
2 gldCreateComputeContext
2 gldCreateComputeModule
2 gldCreateComputeProgram
2 gldCreateContext
2 gldCreateDevice
2 gldCreateDevicePartition
2 gldCreateDevicePartitionGroup
2 gldCreateFence
2 gldCreateFramebuffer
2 gldCreateKernel
2 gldCreatePipelineProgram
2 gldCreateProgram
2 gldCreateQuery
2 gldCreateQueue
2 gldCreateSampler
2 gldCreateShareGroup
2 gldCreateTexture
2 gldCreateVertexArray
2 gldDestroyBuffer
2 gldDestroyComputeContext
2 gldDestroyComputeModule
2 gldDestroyComputeProgram
2 gldDestroyContext
2 gldDestroyDevice
2 gldDestroyDevicePartition
2 gldDestroyDevicePartitionGroup
2 gldDestroyFence
2 gldDestroyFramebuffer
2 gldDestroyKernel
2 gldDestroyMemoryPlugin
2 gldDestroyPipelineProgram
2 gldDestroyPixelFormat
2 gldDestroyProgram
2 gldDestroyQuery
2 gldDestroyQueue
2 gldDestroySampler
2 gldDestroyShareGroup
2 gldDestroyTexture
2 gldDestroyVertexArray
2 gldDiscardFramebuffer
2 gldExecuteKernel
2 gldExecuteNativeKernel
2 gldFinishBufferCPUAccess
2 gldFinishContext
2 gldFinishFenceOnQueue
2 gldFinishObject
2 gldFinishQueue
2 gldFlushContext
2 gldFlushFenceOnQueue
2 gldFlushMemoryPlugin
2 gldFlushObject
2 gldFlushQueue
2 gldFlushVertexArray
2 gldGenerateTexMipmaps
2 gldGetBufferAllocationIdentifiers
2 gldGetDevicePartitionInfo
2 gldGetDeviceString
2 gldGetError
2 gldGetFenceProfilingInfo
2 gldGetFenceStatus
2 gldGetInteger
2 gldGetMemoryPlugin
2 gldGetPipelineProgramInfo
2 gldGetQueryInfo
2 gldGetTextureAllocationIdentifiers
2 gldGetTextureLevelInfo
2 gldInitializeLibrary
2 gldIsTextureResident
2 gldLinkComputeModules
2 gldLinkComputeProgram
2 gldLoadBuffer
2 gldLoadFramebuffer
2 gldLoadTexture
2 gldModifyPipelineProgram
2 gldModifyQuery
2 gldModifyTexSubImage
2 gldModifyTexture
2 gldModifyVertexArray
2 gldObjectPurgeable
2 gldObjectUnpurgeable
2 gldPopulateContextDispatch
2 gldPopulateRendererInfo
2 gldPresentFramebufferData
2 gldReadFramebufferData
2 gldReadTextureData
2 gldReclaimBuffer
2 gldReclaimContext
2 gldReclaimFramebuffer
2 gldReclaimTexture
2 gldReclaimVertexArray
2 gldRestoreBufferData
2 gldRestoreTextureData
2 gldSetFenceOnContext
2 gldSetFenceOnQueue
2 gldSetInteger
2 gldSetMemoryPlugin
2 gldTestMemoryPlugin
2 gldTestObject
2 gldUnbindBuffer
2 gldUnbindFramebuffer
2 gldUnbindPipelineProgram
2 gldUnbindTexture
2 gldUnbindVertexArray
2 gldUpdateDispatch
2 gldUpdateDrawFramebuffer
2 gldUpdateReadFramebuffer
2 gldUpdateTransformFeedbackState
2 gldWaitForContext
2 gldWaitForFenceOnContext
2 gldWaitForFenceOnQueue
2 gldWaitForObject
2 gldWriteComputeModuleBinary
2 gldWriteComputeProgramBinary
2 gliGetVersion
1 AEInstallEventHandler
1 CAMetalLayerDidQueryMetalDevice
1 CGDisplayListGetHash
1 CGSCreateDefaultMetalDevice
1 CGSDisplayStatusQuery
1 CGSMainConnectionID
1 CGSMainDisplayID
1 CGSPackagesEnableConnectionOcclusionNotifications
1 CGSPackagesEnableConnectionWindowModificationNotifications
1 CGSRegisterConnectionNotifyProc
1 CRCopyCrashHistory
1 ColorSyncCodeFragmentGetMD5
1 ColorSyncCreateOutputPoppyProfile
1 ColorSyncMakeProfile
1 ColorSyncMatrixGetFunction
1 ColorSyncMatrixGetProperties
1 ColorSyncMatrixGetTypeID
1 ColorSyncPrivateAPIVersion
1 ColorSyncProfileCopyData
1 ColorSyncProfileCopyDescriptionString
1 ColorSyncProfileCopyFlexGTCInfo
1 ColorSyncProfileCreate
1 ColorSyncProfileCreateImmutableCopy
1 ColorSyncProfileGetID
1 ColorSyncProfileIsHLGBased
1 ColorSyncProfileIsPQBased
1 ColorSyncProfileIsWideGamut
1 ColorSyncPureGammaOriginalTRC
1 ColorSyncTRCGetFunction
1 ColorSyncTRCGetGammaID
1 ColorSyncTRCGetProperties
1 ColorSyncTRCGetTypeID
1 ColorSyncTransformCreate
1 ColorSyncTransformIterate
1 DADiskCopyDescription
1 DARegisterDiskAppearedCallback
1 DARegisterDiskDescriptionChangedCallback
1 DARegisterDiskDisappearedCallback
1 DARegisterDiskUnmountApprovalCallback
1 DARegisterIdleCallback
1 DASessionCreate
1 DASessionSetDispatchQueue
1 FSGetCatalogInfo
1 FSGetVolumeInfo
1 FSOpenResourceFileMapped
1 FSPathMakeRef
1 FSRefMakePath
1 GetMacOSStatusCommentString
1 GetMacOSStatusErrorString
1 LFSMAuditSessionIDKey
1 LFSMAuditSessionUserIDKey
1 LFSMCloseSession
1 LFSMCopyAllSessionPropertiesTemporaryBridge
1 LFSMCopyAllSessions
1 LFSMCopyCurrentSession
1 LFSMCopySessionProperties
1 LFSMCopySessionPropertiesTemporaryBridge
1 LFSMCopySessionWithCGSessionID
1 LFSMCreateSessionTemporaryBridge
1 LFSMCreateSessionWithOptions
1 LFSMLegacySessionIDKey
1 LFSMMoveSessionToConsoleTemporaryBridge
1 LFSMPropertiesDictionaryKey
1 LFSMReleaseSessionTemporaryBridge
1 LFSMSessionOptionLaunchDataKey
1 LFSMSessionOptionProcessArgsKey
1 LFSMSessionOptionProcessPathKey
1 LFSMSessionOptionSwitchNoTransitionKey
1 LFSMSessionOptionSwitchToForegroundKey
1 LFSMSetSessionPropertiesTemporaryBridge
1 LFSMSwitchToSession
1 OPENSSL_load_builtin_modules
1 RBSServiceInitialize
1 SLSFlushSurfaceWithOptionsAndIndex
1 SLSGetDockRectWithOrientation
1 SSL_load_error_strings
1 SecTaskCopySigningIdentifier
1 SecTaskCreateFromSelf
1 SecTaskGetCodeSignStatus
1 SteamAPI_Init
1 SteamAPI_RegisterCallback
1 SteamAPI_RestartAppIfNecessary
1 SteamApps
1 SteamScreenshots
1 SteamUser
1 Steam_BGetCallback
1 Steam_FreeLastCallback
1 Steam_GetAPICallResult
1 TCCAccessPreflight
1 TCCAccessRequest
1 UTTypeCreatePreferredIdentifierForTag
1 ValveHookScreenshots
1 XTEnsureFontFileAccess
1 _AEInstallEventSecurityHandler
1 _AXSLargeTextMacUseDynamicTypeForCurrentApp
1 _AccessibilityBaseImplementationsNoopFunc
1 _BlockUntilNextEventMatchingListInMode
1 _CSCheckFix
1 _FSGetFSRefInformationFast
1 _FSGetVolumeByName
1 _LSCopyApplicationInformation
1 _LSCopyFrontApplication
1 _LSGetCurrentApplicationASN
1 _LSModifyNotification
1 _LSScheduleNotificationOnQueueWithBlock
1 _ProcessCanReceiveCGSEvents
1 _RemoveCGSSourceFromRunLoop
1 _objc_blockTrampolineImpl
1 _objc_blockTrampolineStart
1 analytics_send_event_lazy
1 findAntlrPlugin
1 free
1 gliAttachDrawable
1 gliAttachDrawableWithOptions
1 gliChoosePixelFormat
1 gliCopyAttributes
1 gliCreateContext
1 gliCreateContextWithShared
1 gliDestroyContext
1 gliDestroyPixelFormat
1 gliDestroyRendererInfo
1 gliGetAttribute
1 gliGetInteger
1 gliGetMemoryAnnotationList
1 gliInitializeLibrary
1 gliQueryRendererInfo
1 gliSetAttribute
1 gliSetInteger
1 glrCompCloseDevice
1 glrCompCreateContext
1 glrCompDeleteContext
1 glrCompFlush
1 glrCompGetDeviceConfig
1 glrCompGetImageFormats
1 glrCompOpenDevice
1 kColorSyncDisplayP3Profile
1 kColorSyncGenericCMYKProfile
1 kColorSyncGenericGrayGamma22Profile
1 kColorSyncGenericGrayProfile
1 kColorSyncGenericRGBProfile
1 kColorSyncGenericXYZProfile
1 kDADiskDescriptionVolumeNameKey
1 kDADiskDescriptionVolumePathKey
1 kUTTagClassNSPboardType
1 kUTTypeData
1 queryCompressionInfo
1 rbs_acquire_appnap_assertion
1 rbs_appnap_enabled_for_pid
(lldb) breakpoint list
Current breakpoints:
1: name = 'dlsym', module = libdyld.dylib, locations = 1, resolved = 1, hit count = 457 Options: enabled auto-continue 
    Breakpoint commands (Python):
      mothervr_dlsym_trace_helper._mothervr_dlsym_trace(frame, bp_loc, internal_dict)

  1.1: where = libdyld.dylib`dlsym, address = 0x00007ff80292afea, resolved, hit count = 457 

(lldb) detach
Process 2990 detached
(lldb) quit
[2026-03-27 15:08:58] attach end
