[2026-03-27 15:43:11] early gld probe attaching to pid 4318
[2026-03-27 15:43:11] probe duration 30s
[2026-03-27 15:43:11] attach start
(lldb) process attach --pid 4318
Process 4318 stopped
* thread #1, stop reason = signal SIGSTOP
    frame #0: 0x00000002072dbc12 dyld`mach_o::Header::forEachLoadCommand(void (load_command const*, bool&) block_pointer) const + 30
dyld`mach_o::Header::forEachLoadCommand:
->  0x2072dbc12 <+30>: movl   (%rsi), %edx
    0x2072dbc14 <+32>: cmpl   $0xfeedfacf, %edx         ; imm = 0xFEEDFACF 
    0x2072dbc1a <+38>: je     0x2072dbc30               ; <+60>
    0x2072dbc1c <+40>: cmpl   $0xfeedface, %edx         ; imm = 0xFEEDFACE 
Target 0: (Alien Isolation) stopped.
Executable binary set to "/Users/samsmith/Library/Application Support/Steam/steamapps/common/Alien Isolation/Alien Isolation.app/Contents/MacOS/Alien Isolation".
Architecture set to: x86_64-apple-macosx-.
(lldb) command source -s 0 '/var/folders/1y/r7sxd8rn2835_gqg7cdxpc740000gn/T/tmp.nNDG8J98ZO'
Executing commands in '/var/folders/1y/r7sxd8rn2835_gqg7cdxpc740000gn/T/tmp.nNDG8J98ZO'.
(lldb) script lldb.debugger.SetAsync(True)
(lldb) breakpoint set -n gldPopulateContextDispatch
Breakpoint 1: no locations (pending).
WARNING:  Unable to resolve breakpoint to any actual locations.
(lldb) breakpoint set -n gldUpdateDispatch
Breakpoint 2: no locations (pending).
WARNING:  Unable to resolve breakpoint to any actual locations.
(lldb) breakpoint set -n gldBufferSubData
Breakpoint 3: no locations (pending).
WARNING:  Unable to resolve breakpoint to any actual locations.
(lldb) breakpoint set -n gldCopyBufferSubData
Breakpoint 4: no locations (pending).
WARNING:  Unable to resolve breakpoint to any actual locations.
(lldb) breakpoint set -n gldPresentFramebufferData
Breakpoint 5: no locations (pending).
WARNING:  Unable to resolve breakpoint to any actual locations.
(lldb) breakpoint set -n gldFlushContext
Breakpoint 6: no locations (pending).
WARNING:  Unable to resolve breakpoint to any actual locations.
(lldb) breakpoint set -n gliCreateContext
Breakpoint 7: no locations (pending).
WARNING:  Unable to resolve breakpoint to any actual locations.
(lldb) breakpoint set -n gliAttachDrawable
Breakpoint 8: no locations (pending).
WARNING:  Unable to resolve breakpoint to any actual locations.
(lldb) breakpoint modify --auto-continue true 1 2 3 4 5 6 7 8
(lldb) process continue
Process 4318 resuming
[2026-03-27 15:43:12] attach end
