[2026-03-27 14:27:44] early probe attaching to pid 99524
[2026-03-27 14:27:44] probe duration 30s
[2026-03-27 14:27:44] attach start
(lldb) process attach --pid 99524
warning: libobjc.A.dylib is being read from process memory. This indicates that LLDB could not read from the host's in-memory shared cache. This will likely reduce debugging performance.

Process 99524 stopped
* thread #1, queue = 'com.apple.main-thread', stop reason = signal SIGSTOP
    frame #0: 0x00007ff80a5628da libsystem_kernel.dylib`poll + 10
libsystem_kernel.dylib`poll:
->  0x7ff80a5628da <+10>: jae    0x7ff80a5628e4            ; <+20>
    0x7ff80a5628dc <+12>: movq   %rax, %rdi
    0x7ff80a5628df <+15>: jmp    0x7ff80a55cfcd            ; cerror
    0x7ff80a5628e4 <+20>: retq   
Target 0: (Alien Isolation) stopped.
Executable binary set to "/Users/samsmith/Library/Application Support/Steam/steamapps/common/Alien Isolation/Alien Isolation.app/Contents/MacOS/Alien Isolation".
Architecture set to: x86_64-apple-macosx-.
(lldb) command source -s 0 '/var/folders/1y/r7sxd8rn2835_gqg7cdxpc740000gn/T/tmp.nTtbbb7plc'
Executing commands in '/var/folders/1y/r7sxd8rn2835_gqg7cdxpc740000gn/T/tmp.nTtbbb7plc'.
(lldb) breakpoint set -n glBindBuffer
Breakpoint 1: where = libGL.dylib`glBindBuffer, address = 0x00007ffb0fe3cf00
(lldb) breakpoint set -n glBindBufferBase
Breakpoint 2: where = libGL.dylib`glBindBufferBase, address = 0x00007ffb0fe3e1e8
(lldb) breakpoint set -n glBindBufferRange
Breakpoint 3: where = libGL.dylib`glBindBufferRange, address = 0x00007ffb0fe3e1c1
(lldb) breakpoint set -n glBufferSubData
Breakpoint 4: where = libGL.dylib`glBufferSubData, address = 0x00007ffb0fe3cf9e
(lldb) breakpoint set -n glProgramUniform4fv
Breakpoint 5: where = libGL.dylib`glProgramUniform4fv, address = 0x00007ffb0fe3fac7
(lldb) breakpoint set -n glMapBufferRange
Breakpoint 6: where = libGL.dylib`glMapBufferRange, address = 0x00007ffb0fe3e00a
(lldb) breakpoint set -n CGLFlushDrawable
Breakpoint 7: where = OpenGL`CGLFlushDrawable, address = 0x00007ffb0fc347a8
(lldb) breakpoint set -n dlsym
Breakpoint 8: where = libdyld.dylib`dlsym, address = 0x00007ff80a192fea
(lldb) breakpoint modify --auto-continue true 1 2 3 4 5 6 7 8
(lldb) script import threading, time, lldb
(lldb) script def _mothervr_stop_later():
(lldb) script     time.sleep(30)
(lldb) script     lldb.debugger.GetSelectedTarget().GetProcess().Stop()
error: Process is not running.
(lldb) script threading.Thread(target=_mothervr_stop_later, daemon=True).start()
Traceback (most recent call last):
  File "<input>", line 1, in <module>
NameError: name '_mothervr_stop_later' is not defined
(lldb) process continue
Process 99524 resuming
Process 99524 stopped
* thread #1, queue = 'com.apple.main-thread', stop reason = trace
    frame #0: 0x00007ff80a192feb libdyld.dylib`dlsym + 1
libdyld.dylib`dlsym:
->  0x7ff80a192feb <+1>:  movq   %rsp, %rbp
    0x7ff80a192fee <+4>:  movq   %rsi, %rdx
    0x7ff80a192ff1 <+7>:  movq   %rdi, %rsi
    0x7ff80a192ff4 <+10>: movq   0x40bed005(%rip), %rdi    ; dyld4::gAPIs
  thread #8, stop reason = trace
    frame #0: 0x00007ff80a59b740 libsystem_pthread.dylib`_pthread_wqthread + 1
libsystem_pthread.dylib`_pthread_wqthread:
->  0x7ff80a59b740 <+1>: movq   %rsp, %rbp
    0x7ff80a59b743 <+4>: pushq  %r15
    0x7ff80a59b745 <+6>: pushq  %r14
    0x7ff80a59b747 <+8>: pushq  %r12
Target 0: (Alien Isolation) stopped.
(lldb) breakpoint list
Current breakpoints:
1: name = 'glBindBuffer', locations = 1, resolved = 1, hit count = 0 Options: enabled auto-continue 
  1.1: where = libGL.dylib`glBindBuffer, address = 0x00007ffb0fe3cf00, resolved, hit count = 0 

2: name = 'glBindBufferBase', locations = 1, resolved = 1, hit count = 0 Options: enabled auto-continue 
  2.1: where = libGL.dylib`glBindBufferBase, address = 0x00007ffb0fe3e1e8, resolved, hit count = 0 

3: name = 'glBindBufferRange', locations = 1, resolved = 1, hit count = 0 Options: enabled auto-continue 
  3.1: where = libGL.dylib`glBindBufferRange, address = 0x00007ffb0fe3e1c1, resolved, hit count = 0 

4: name = 'glBufferSubData', locations = 1, resolved = 1, hit count = 0 Options: enabled auto-continue 
  4.1: where = libGL.dylib`glBufferSubData, address = 0x00007ffb0fe3cf9e, resolved, hit count = 0 

5: name = 'glProgramUniform4fv', locations = 1, resolved = 1, hit count = 0 Options: enabled auto-continue 
  5.1: where = libGL.dylib`glProgramUniform4fv, address = 0x00007ffb0fe3fac7, resolved, hit count = 0 

6: name = 'glMapBufferRange', locations = 1, resolved = 1, hit count = 0 Options: enabled auto-continue 
  6.1: where = libGL.dylib`glMapBufferRange, address = 0x00007ffb0fe3e00a, resolved, hit count = 0 

7: name = 'CGLFlushDrawable', locations = 1, resolved = 1, hit count = 0 Options: enabled auto-continue 
  7.1: where = OpenGL`CGLFlushDrawable, address = 0x00007ffb0fc347a8, resolved, hit count = 0 

8: name = 'dlsym', locations = 1, resolved = 1, hit count = 290 Options: enabled auto-continue 
  8.1: where = libdyld.dylib`dlsym, address = 0x00007ff80a192fea, resolved, hit count = 290 

(lldb) detach
Process 99524 detached
(lldb) quit
[2026-03-27 14:28:51] attach end
