[2026-03-27 19:40:36] target gld sampling trace starting
[2026-03-27 19:40:36] waiting for Alien: Isolation process
[2026-03-27 19:40:36] wait timeout 600s
[2026-03-27 19:40:36] attach delay 0s
[2026-03-27 19:40:36] minimum process age 6s
[2026-03-27 19:40:36] trace duration 180s
[2026-03-27 19:40:36] sample interval 20ms
[2026-03-27 19:40:36] trace symbols gldUpdateDispatch,gldPresentFramebufferData,gliAttachDrawable,gldFlushContext
[2026-03-27 19:40:36] raw sample path /Users/samsmith/Library/Application Support/Steam/steamapps/common/Alien Isolation/mothervr_avp/inject/build/target_gld_address_trace.sample.txt
[2026-03-27 19:40:45] target gld sampling pid 23973
[2026-03-27 19:40:45] sleeping 0s before sampling
Sampling process 23973 for 180 seconds with 20 milliseconds of run time between samples
Sampling completed, processing symbols...
Sample analysis of process 23973 written to file /Users/samsmith/Library/Application Support/Steam/steamapps/common/Alien Isolation/mothervr_avp/inject/build/target_gld_address_trace.sample.txt
[2026-03-27 19:43:52] sample completed
[summary]
gldUpdateDispatch: stack_mentions=22
gldPresentFramebufferData: stack_mentions=1
gliAttachDrawable: stack_mentions=0
gldFlushContext: stack_mentions=0
[first-matches]
gldUpdateDispatch:
      + !   :   | + !                   :     |   ! 2 gldUpdateDispatch  (in AppleMetalOpenGLRenderer) + 1754  [0x1227e4757]
      + !   :   | + !                   :     |   ! 1 gldUpdateDispatch  (in AppleMetalOpenGLRenderer) + 1903  [0x1227e47ec]
      + !   :   | + !                                 1 gldUpdateDispatch  (in AppleMetalOpenGLRenderer) + 1903  [0x1227e47ec]
      + !           |   +                               1 gldUpdateDispatch  (in AppleMetalOpenGLRenderer) + 3817  [0x1227e4f66]
      + !           |   +                             !     1 gldUpdateDispatch  (in AppleMetalOpenGLRenderer) + 3817  [0x1227e4f66]
gldPresentFramebufferData:
      +               : |   39 gldPresentFramebufferData  (in AppleMetalOpenGLRenderer) + 1521  [0x1227ce27b]
gliAttachDrawable:
  <none>
gldFlushContext:
  <none>
[2026-03-27 19:43:52] sampling end
